This is XeTeX, Version 3.14159265-2.6-0.999991 (TeX Live 2019) (preloaded format=xelatex 2020.3.6)  26 MAY 2020 03:04
entering extended mode
 restricted \write18 enabled.
 %&-line parsing enabled.
**guia-met-num.tex
(./guia-met-num.tex
LaTeX2e <2018-12-01>
(/home/marcos/.TinyTeX/texmf-dist/tex/latex/base/book.cls
Document Class: book 2018/09/03 v1.4i Standard LaTeX document class
(/home/marcos/.TinyTeX/texmf-dist/tex/latex/base/bk10.clo
File: bk10.clo 2018/09/03 v1.4i Standard LaTeX file (size option)
)
\c@part=\count80
\c@chapter=\count81
\c@section=\count82
\c@subsection=\count83
\c@subsubsection=\count84
\c@paragraph=\count85
\c@subparagraph=\count86
\c@figure=\count87
\c@table=\count88
\abovecaptionskip=\skip41
\belowcaptionskip=\skip42
\bibindent=\dimen102
) (/home/marcos/.TinyTeX/texmf-dist/tex/latex/lm/lmodern.sty
Package: lmodern 2009/10/30 v1.6 Latin Modern Fonts
LaTeX Font Info:    Overwriting symbol font `operators' in version `normal'
(Font)                  OT1/cmr/m/n --> OT1/lmr/m/n on input line 22.
LaTeX Font Info:    Overwriting symbol font `letters' in version `normal'
(Font)                  OML/cmm/m/it --> OML/lmm/m/it on input line 23.
LaTeX Font Info:    Overwriting symbol font `symbols' in version `normal'
(Font)                  OMS/cmsy/m/n --> OMS/lmsy/m/n on input line 24.
LaTeX Font Info:    Overwriting symbol font `largesymbols' in version `normal'
(Font)                  OMX/cmex/m/n --> OMX/lmex/m/n on input line 25.
LaTeX Font Info:    Overwriting symbol font `operators' in version `bold'
(Font)                  OT1/cmr/bx/n --> OT1/lmr/bx/n on input line 26.
LaTeX Font Info:    Overwriting symbol font `letters' in version `bold'
(Font)                  OML/cmm/b/it --> OML/lmm/b/it on input line 27.
LaTeX Font Info:    Overwriting symbol font `symbols' in version `bold'
(Font)                  OMS/cmsy/b/n --> OMS/lmsy/b/n on input line 28.
LaTeX Font Info:    Overwriting symbol font `largesymbols' in version `bold'
(Font)                  OMX/cmex/m/n --> OMX/lmex/m/n on input line 29.
LaTeX Font Info:    Overwriting math alphabet `\mathbf' in version `normal'
(Font)                  OT1/cmr/bx/n --> OT1/lmr/bx/n on input line 31.
LaTeX Font Info:    Overwriting math alphabet `\mathsf' in version `normal'
(Font)                  OT1/cmss/m/n --> OT1/lmss/m/n on input line 32.
LaTeX Font Info:    Overwriting math alphabet `\mathit' in version `normal'
(Font)                  OT1/cmr/m/it --> OT1/lmr/m/it on input line 33.
LaTeX Font Info:    Overwriting math alphabet `\mathtt' in version `normal'
(Font)                  OT1/cmtt/m/n --> OT1/lmtt/m/n on input line 34.
LaTeX Font Info:    Overwriting math alphabet `\mathbf' in version `bold'
(Font)                  OT1/cmr/bx/n --> OT1/lmr/bx/n on input line 35.
LaTeX Font Info:    Overwriting math alphabet `\mathsf' in version `bold'
(Font)                  OT1/cmss/bx/n --> OT1/lmss/bx/n on input line 36.
LaTeX Font Info:    Overwriting math alphabet `\mathit' in version `bold'
(Font)                  OT1/cmr/bx/it --> OT1/lmr/bx/it on input line 37.
LaTeX Font Info:    Overwriting math alphabet `\mathtt' in version `bold'
(Font)                  OT1/cmtt/m/n --> OT1/lmtt/m/n on input line 38.
) (/home/marcos/.TinyTeX/texmf-dist/tex/latex/amsfonts/amssymb.sty
Package: amssymb 2013/01/14 v3.01 AMS font symbols
(/home/marcos/.TinyTeX/texmf-dist/tex/latex/amsfonts/amsfonts.sty
Package: amsfonts 2013/01/14 v3.01 Basic AMSFonts support
\@emptytoks=\toks14
\symAMSa=\mathgroup4
\symAMSb=\mathgroup5
LaTeX Font Info:    Overwriting math alphabet `\mathfrak' in version `bold'
(Font)                  U/euf/m/n --> U/euf/b/n on input line 106.
)) (/home/marcos/.TinyTeX/texmf-dist/tex/latex/amsmath/amsmath.sty
Package: amsmath 2018/12/01 v2.17b AMS math features
\@mathmargin=\skip43
For additional information on amsmath, use the `?' option.
(/home/marcos/.TinyTeX/texmf-dist/tex/latex/amsmath/amstext.sty
Package: amstext 2000/06/29 v2.01 AMS text
(/home/marcos/.TinyTeX/texmf-dist/tex/latex/amsmath/amsgen.sty
File: amsgen.sty 1999/11/30 v2.0 generic functions
\@emptytoks=\toks15
\ex@=\dimen103
)) (/home/marcos/.TinyTeX/texmf-dist/tex/latex/amsmath/amsbsy.sty
Package: amsbsy 1999/11/29 v1.2d Bold Symbols
\pmbraise@=\dimen104
) (/home/marcos/.TinyTeX/texmf-dist/tex/latex/amsmath/amsopn.sty
Package: amsopn 2016/03/08 v2.02 operator names
)
\inf@bad=\count89
LaTeX Info: Redefining \frac on input line 223.
\uproot@=\count90
\leftroot@=\count91
LaTeX Info: Redefining \overline on input line 385.
\classnum@=\count92
\DOTSCASE@=\count93
LaTeX Info: Redefining \ldots on input line 482.
LaTeX Info: Redefining \dots on input line 485.
LaTeX Info: Redefining \cdots on input line 606.
\Mathstrutbox@=\box27
\strutbox@=\box28
\big@size=\dimen105
LaTeX Font Info:    Redeclaring font encoding OML on input line 729.
LaTeX Font Info:    Redeclaring font encoding OMS on input line 730.
\macc@depth=\count94
\c@MaxMatrixCols=\count95
\dotsspace@=\muskip10
\c@parentequation=\count96
\dspbrk@lvl=\count97
\tag@help=\toks16
\row@=\count98
\column@=\count99
\maxfields@=\count100
\andhelp@=\toks17
\eqnshift@=\dimen106
\alignsep@=\dimen107
\tagshift@=\dimen108
\tagwidth@=\dimen109
\totwidth@=\dimen110
\lineht@=\dimen111
\@envbody=\toks18
\multlinegap=\skip44
\multlinetaggap=\skip45
\mathdisplay@stack=\toks19
LaTeX Info: Redefining \[ on input line 2844.
LaTeX Info: Redefining \] on input line 2845.
) (/home/marcos/.TinyTeX/texmf-dist/tex/generic/ifxetex/ifxetex.sty
Package: ifxetex 2010/09/12 v0.6 Provides ifxetex conditional
) (/home/marcos/.TinyTeX/texmf-dist/tex/generic/oberdiek/ifluatex.sty
Package: ifluatex 2016/05/16 v1.4 Provides the ifluatex switch (HO)
Package ifluatex Info: LuaTeX not detected.
) (/home/marcos/.TinyTeX/texmf-dist/tex/latex/base/fixltx2e.sty
Package: fixltx2e 2016/12/29 v2.1a fixes to LaTeX (obsolete)
Applying: [2015/01/01] Old fixltx2e package on input line 46.

Package fixltx2e Warning: fixltx2e is not required with releases after 2015
(fixltx2e)                All fixes are now in the LaTeX kernel.
(fixltx2e)                See the latexrelease package for details.

Already applied: [0000/00/00] Old fixltx2e package on input line 53.
) (/home/marcos/.TinyTeX/texmf-dist/tex/latex/unicode-math/unicode-math.sty (/h
ome/marcos/.TinyTeX/texmf-dist/tex/latex/l3kernel/expl3.sty
Package: expl3 2019-08-25 L3 programming layer (loader) 
(/home/marcos/.TinyTeX/texmf-dist/tex/latex/l3kernel/expl3-code.tex
Package: expl3 2019-08-25 L3 programming layer (code)
\c_max_int=\count101
\l_tmpa_int=\count102
\l_tmpb_int=\count103
\g_tmpa_int=\count104
\g_tmpb_int=\count105
\g__kernel_prg_map_int=\count106
\c__ior_term_noprompt_ior=\count107
\c_log_iow=\count108
\l_iow_line_count_int=\count109
\l__iow_line_target_int=\count110
\l__iow_one_indent_int=\count111
\l__iow_indent_int=\count112
\c_zero_dim=\dimen112
\c_max_dim=\dimen113
\l_tmpa_dim=\dimen114
\l_tmpb_dim=\dimen115
\g_tmpa_dim=\dimen116
\g_tmpb_dim=\dimen117
\c_zero_skip=\skip46
\c_max_skip=\skip47
\l_tmpa_skip=\skip48
\l_tmpb_skip=\skip49
\g_tmpa_skip=\skip50
\g_tmpb_skip=\skip51
\c_zero_muskip=\muskip11
\c_max_muskip=\muskip12
\l_tmpa_muskip=\muskip13
\l_tmpb_muskip=\muskip14
\g_tmpa_muskip=\muskip15
\g_tmpb_muskip=\muskip16
\l_keys_choice_int=\count113
\l__intarray_loop_int=\count114
\c__intarray_sp_dim=\dimen118
\g__intarray_font_int=\count115
\c__fp_leading_shift_int=\count116
\c__fp_middle_shift_int=\count117
\c__fp_trailing_shift_int=\count118
\c__fp_big_leading_shift_int=\count119
\c__fp_big_middle_shift_int=\count120
\c__fp_big_trailing_shift_int=\count121
\c__fp_Bigg_leading_shift_int=\count122
\c__fp_Bigg_middle_shift_int=\count123
\c__fp_Bigg_trailing_shift_int=\count124
\g__fp_array_int=\count125
\l__fp_array_loop_int=\count126
\l__sort_length_int=\count127
\l__sort_min_int=\count128
\l__sort_top_int=\count129
\l__sort_max_int=\count130
\l__sort_true_max_int=\count131
\l__sort_block_int=\count132
\l__sort_begin_int=\count133
\l__sort_end_int=\count134
\l__sort_A_int=\count135
\l__sort_B_int=\count136
\l__sort_C_int=\count137
\l__str_internal_int=\count138
\l__tl_analysis_normal_int=\count139
\l__tl_analysis_index_int=\count140
\l__tl_analysis_nesting_int=\count141
\l__tl_analysis_type_int=\count142
\l__regex_internal_a_int=\count143
\l__regex_internal_b_int=\count144
\l__regex_internal_c_int=\count145
\l__regex_balance_int=\count146
\l__regex_group_level_int=\count147
\l__regex_mode_int=\count148
\c__regex_cs_in_class_mode_int=\count149
\c__regex_cs_mode_int=\count150
\l__regex_catcodes_int=\count151
\l__regex_default_catcodes_int=\count152
\c__regex_catcode_L_int=\count153
\c__regex_catcode_O_int=\count154
\c__regex_catcode_A_int=\count155
\c__regex_all_catcodes_int=\count156
\l__regex_show_lines_int=\count157
\l__regex_min_state_int=\count158
\l__regex_max_state_int=\count159
\l__regex_left_state_int=\count160
\l__regex_right_state_int=\count161
\l__regex_capturing_group_int=\count162
\l__regex_min_pos_int=\count163
\l__regex_max_pos_int=\count164
\l__regex_curr_pos_int=\count165
\l__regex_start_pos_int=\count166
\l__regex_success_pos_int=\count167
\l__regex_curr_char_int=\count168
\l__regex_curr_catcode_int=\count169
\l__regex_last_char_int=\count170
\l__regex_case_changed_char_int=\count171
\l__regex_curr_state_int=\count172
\l__regex_step_int=\count173
\l__regex_min_active_int=\count174
\l__regex_max_active_int=\count175
\l__regex_replacement_csnames_int=\count176
\l__regex_match_count_int=\count177
\l__regex_min_submatch_int=\count178
\l__regex_submatch_int=\count179
\l__regex_zeroth_submatch_int=\count180
\g__regex_trace_regex_int=\count181
\c_empty_box=\box29
\l_tmpa_box=\box30
\l_tmpb_box=\box31
\g_tmpa_box=\box32
\g_tmpb_box=\box33
\l__box_top_dim=\dimen119
\l__box_bottom_dim=\dimen120
\l__box_left_dim=\dimen121
\l__box_right_dim=\dimen122
\l__box_top_new_dim=\dimen123
\l__box_bottom_new_dim=\dimen124
\l__box_left_new_dim=\dimen125
\l__box_right_new_dim=\dimen126
\l__box_internal_box=\box34
\l__coffin_internal_box=\box35
\l__coffin_internal_dim=\dimen127
\l__coffin_offset_x_dim=\dimen128
\l__coffin_offset_y_dim=\dimen129
\l__coffin_x_dim=\dimen130
\l__coffin_y_dim=\dimen131
\l__coffin_x_prime_dim=\dimen132
\l__coffin_y_prime_dim=\dimen133
\c_empty_coffin=\box36
\l__coffin_aligned_coffin=\box37
\l__coffin_aligned_internal_coffin=\box38
\l_tmpa_coffin=\box39
\l_tmpb_coffin=\box40
\g_tmpa_coffin=\box41
\g_tmpb_coffin=\box42
\l__coffin_bounding_shift_dim=\dimen134
\l__coffin_left_corner_dim=\dimen135
\l__coffin_right_corner_dim=\dimen136
\l__coffin_bottom_corner_dim=\dimen137
\l__coffin_top_corner_dim=\dimen138
\l__coffin_scaled_total_height_dim=\dimen139
\l__coffin_scaled_width_dim=\dimen140
\c__coffin_empty_coffin=\box43
\l__coffin_display_coffin=\box44
\l__coffin_display_coord_coffin=\box45
\l__coffin_display_pole_coffin=\box46
\l__coffin_display_offset_dim=\dimen141
\l__coffin_display_x_dim=\dimen142
\l__coffin_display_y_dim=\dimen143
\g__file_internal_ior=\read1
\l__seq_internal_a_int=\count182
\l__seq_internal_b_int=\count183
) (/home/marcos/.TinyTeX/texmf-dist/tex/latex/l3backend/l3backend-xdvipdfmx.def
File: l3backend-xdvipdfmx.def 2019-04-06 v L3 Experimental backend support: xdv
ipdfmx
\g__graphics_track_int=\count184
\l__pdf_internal_box=\box47
\g__pdf_backend_object_int=\count185
\g__pdf_backend_annotation_int=\count186
))
Package: unicode-math 2019/03/04 v0.8o Unicode maths in XeLaTeX and LuaLaTeX

(/home/marcos/.TinyTeX/texmf-dist/tex/latex/unicode-math/unicode-math-xetex.sty
Package: unicode-math-xetex 2019/03/04 v0.8o Unicode maths in XeLaTeX and LuaLa
TeX
(/home/marcos/.TinyTeX/texmf-dist/tex/latex/l3packages/xparse/xparse.sty
Package: xparse 2019-05-28 L3 Experimental document command parser
\l__xparse_current_arg_int=\count187
\g__xparse_grabber_int=\count188
\l__xparse_m_args_int=\count189
\l__xparse_v_nesting_int=\count190
) (/home/marcos/.TinyTeX/texmf-dist/tex/latex/l3packages/l3keys2e/l3keys2e.sty
Package: l3keys2e 2019-05-28 LaTeX2e option processing using LaTeX3 keys
) (/home/marcos/.TinyTeX/texmf-dist/tex/latex/fontspec/fontspec.sty
Package: fontspec 2019/03/15 v2.7c Font selection for XeLaTeX and LuaLaTeX
(/home/marcos/.TinyTeX/texmf-dist/tex/latex/fontspec/fontspec-xetex.sty
Package: fontspec-xetex 2019/03/15 v2.7c Font selection for XeLaTeX and LuaLaTe
X
\l__fontspec_script_int=\count191
\l__fontspec_language_int=\count192
\l__fontspec_strnum_int=\count193
\l__fontspec_tmp_int=\count194
\l__fontspec_tmpa_int=\count195
\l__fontspec_tmpb_int=\count196
\l__fontspec_tmpc_int=\count197
\l__fontspec_em_int=\count198
\l__fontspec_emdef_int=\count199
\l__fontspec_strong_int=\count266
\l__fontspec_strongdef_int=\count267
\l__fontspec_tmpa_dim=\dimen144
\l__fontspec_tmpb_dim=\dimen145
\l__fontspec_tmpc_dim=\dimen146
(/home/marcos/.TinyTeX/texmf-dist/tex/latex/base/fontenc.sty
Package: fontenc 2018/08/11 v2.0j Standard LaTeX package
(/home/marcos/.TinyTeX/texmf-dist/tex/latex/base/tuenc.def
File: tuenc.def 2018/08/11 v2.0j Standard LaTeX file
LaTeX Font Info:    Redeclaring font encoding TU on input line 82.
)) (/home/marcos/.TinyTeX/texmf-dist/tex/latex/fontspec/fontspec.cfg)
LaTeX Info: Redefining \itshape on input line 4051.
LaTeX Info: Redefining \slshape on input line 4056.
LaTeX Info: Redefining \scshape on input line 4061.
LaTeX Info: Redefining \upshape on input line 4066.
LaTeX Info: Redefining \em on input line 4096.
LaTeX Info: Redefining \emph on input line 4121.
)) (/home/marcos/.TinyTeX/texmf-dist/tex/latex/filehook/filehook.sty
Package: filehook 2019/08/19 v0.5e Hooks for input files
) (/home/marcos/.TinyTeX/texmf-dist/tex/latex/base/fix-cm.sty
Package: fix-cm 2015/01/14 v1.1t fixes to LaTeX
(/home/marcos/.TinyTeX/texmf-dist/tex/latex/base/ts1enc.def
File: ts1enc.def 2001/06/05 v3.0e (jk/car/fm) Standard LaTeX file
))
\g__um_fam_int=\count268
\g__um_fonts_used_int=\count269
\l__um_primecount_int=\count270
\g__um_primekern_muskip=\muskip17

(/home/marcos/.TinyTeX/texmf-dist/tex/latex/unicode-math/unicode-math-table.tex
)

Package unicode-math Info: I'm going to patch macro \subarray.


Package unicode-math Info: I'm going to patch macro \r@@t.

)) (/home/marcos/.TinyTeX/texmf-dist/tex/latex/upquote/upquote.sty
Package: upquote 2012/04/19 v1.3 upright-quote and grave-accent glyphs in verba
tim
(/home/marcos/.TinyTeX/texmf-dist/tex/latex/base/textcomp.sty
Package: textcomp 2018/08/11 v2.0j Standard LaTeX package
Package textcomp Info: Sub-encoding information:
(textcomp)               5 = only ISO-Adobe without \textcurrency
(textcomp)               4 = 5 + \texteuro
(textcomp)               3 = 4 + \textohm
(textcomp)               2 = 3 + \textestimated + \textcurrency
(textcomp)               1 = TS1 - \textcircled - \t
(textcomp)               0 = TS1 (full)
(textcomp)             Font families with sub-encoding setting implement
(textcomp)             only a restricted character set as indicated.
(textcomp)             Family '?' is the default used for unknown fonts.
(textcomp)             See the documentation for details.
Package textcomp Info: Setting ? sub-encoding to TS1/1 on input line 79.
(/home/marcos/.TinyTeX/texmf-dist/tex/latex/base/ts1enc.def
File: ts1enc.def 2001/06/05 v3.0e (jk/car/fm) Standard LaTeX file
LaTeX Font Info:    Redeclaring font encoding TS1 on input line 47.
)
LaTeX Info: Redefining \oldstylenums on input line 334.
Package textcomp Info: Setting cmr sub-encoding to TS1/0 on input line 349.
Package textcomp Info: Setting cmss sub-encoding to TS1/0 on input line 350.
Package textcomp Info: Setting cmtt sub-encoding to TS1/0 on input line 351.
Package textcomp Info: Setting cmvtt sub-encoding to TS1/0 on input line 352.
Package textcomp Info: Setting cmbr sub-encoding to TS1/0 on input line 353.
Package textcomp Info: Setting cmtl sub-encoding to TS1/0 on input line 354.
Package textcomp Info: Setting ccr sub-encoding to TS1/0 on input line 355.
Package textcomp Info: Setting ptm sub-encoding to TS1/4 on input line 356.
Package textcomp Info: Setting pcr sub-encoding to TS1/4 on input line 357.
Package textcomp Info: Setting phv sub-encoding to TS1/4 on input line 358.
Package textcomp Info: Setting ppl sub-encoding to TS1/3 on input line 359.
Package textcomp Info: Setting pag sub-encoding to TS1/4 on input line 360.
Package textcomp Info: Setting pbk sub-encoding to TS1/4 on input line 361.
Package textcomp Info: Setting pnc sub-encoding to TS1/4 on input line 362.
Package textcomp Info: Setting pzc sub-encoding to TS1/4 on input line 363.
Package textcomp Info: Setting bch sub-encoding to TS1/4 on input line 364.
Package textcomp Info: Setting put sub-encoding to TS1/5 on input line 365.
Package textcomp Info: Setting uag sub-encoding to TS1/5 on input line 366.
Package textcomp Info: Setting ugq sub-encoding to TS1/5 on input line 367.
Package textcomp Info: Setting ul8 sub-encoding to TS1/4 on input line 368.
Package textcomp Info: Setting ul9 sub-encoding to TS1/4 on input line 369.
Package textcomp Info: Setting augie sub-encoding to TS1/5 on input line 370.
Package textcomp Info: Setting dayrom sub-encoding to TS1/3 on input line 371.
Package textcomp Info: Setting dayroms sub-encoding to TS1/3 on input line 372.

Package textcomp Info: Setting pxr sub-encoding to TS1/0 on input line 373.
Package textcomp Info: Setting pxss sub-encoding to TS1/0 on input line 374.
Package textcomp Info: Setting pxtt sub-encoding to TS1/0 on input line 375.
Package textcomp Info: Setting txr sub-encoding to TS1/0 on input line 376.
Package textcomp Info: Setting txss sub-encoding to TS1/0 on input line 377.
Package textcomp Info: Setting txtt sub-encoding to TS1/0 on input line 378.
Package textcomp Info: Setting lmr sub-encoding to TS1/0 on input line 379.
Package textcomp Info: Setting lmdh sub-encoding to TS1/0 on input line 380.
Package textcomp Info: Setting lmss sub-encoding to TS1/0 on input line 381.
Package textcomp Info: Setting lmssq sub-encoding to TS1/0 on input line 382.
Package textcomp Info: Setting lmvtt sub-encoding to TS1/0 on input line 383.
Package textcomp Info: Setting lmtt sub-encoding to TS1/0 on input line 384.
Package textcomp Info: Setting qhv sub-encoding to TS1/0 on input line 385.
Package textcomp Info: Setting qag sub-encoding to TS1/0 on input line 386.
Package textcomp Info: Setting qbk sub-encoding to TS1/0 on input line 387.
Package textcomp Info: Setting qcr sub-encoding to TS1/0 on input line 388.
Package textcomp Info: Setting qcs sub-encoding to TS1/0 on input line 389.
Package textcomp Info: Setting qpl sub-encoding to TS1/0 on input line 390.
Package textcomp Info: Setting qtm sub-encoding to TS1/0 on input line 391.
Package textcomp Info: Setting qzc sub-encoding to TS1/0 on input line 392.
Package textcomp Info: Setting qhvc sub-encoding to TS1/0 on input line 393.
Package textcomp Info: Setting futs sub-encoding to TS1/4 on input line 394.
Package textcomp Info: Setting futx sub-encoding to TS1/4 on input line 395.
Package textcomp Info: Setting futj sub-encoding to TS1/4 on input line 396.
Package textcomp Info: Setting hlh sub-encoding to TS1/3 on input line 397.
Package textcomp Info: Setting hls sub-encoding to TS1/3 on input line 398.
Package textcomp Info: Setting hlst sub-encoding to TS1/3 on input line 399.
Package textcomp Info: Setting hlct sub-encoding to TS1/5 on input line 400.
Package textcomp Info: Setting hlx sub-encoding to TS1/5 on input line 401.
Package textcomp Info: Setting hlce sub-encoding to TS1/5 on input line 402.
Package textcomp Info: Setting hlcn sub-encoding to TS1/5 on input line 403.
Package textcomp Info: Setting hlcw sub-encoding to TS1/5 on input line 404.
Package textcomp Info: Setting hlcf sub-encoding to TS1/5 on input line 405.
Package textcomp Info: Setting pplx sub-encoding to TS1/3 on input line 406.
Package textcomp Info: Setting pplj sub-encoding to TS1/3 on input line 407.
Package textcomp Info: Setting ptmx sub-encoding to TS1/4 on input line 408.
Package textcomp Info: Setting ptmj sub-encoding to TS1/4 on input line 409.
)) (/home/marcos/.TinyTeX/texmf-dist/tex/latex/parskip/parskip.sty
Package: parskip 2019-01-16 v2.0c non-zero parskip adjustments
(/home/marcos/.TinyTeX/texmf-dist/tex/latex/oberdiek/kvoptions.sty
Package: kvoptions 2016/05/16 v3.12 Key value format for package options (HO)
(/home/marcos/.TinyTeX/texmf-dist/tex/latex/graphics/keyval.sty
Package: keyval 2014/10/28 v1.15 key=value parser (DPC)
\KV@toks@=\toks20
) (/home/marcos/.TinyTeX/texmf-dist/tex/generic/oberdiek/ltxcmds.sty
Package: ltxcmds 2016/05/16 v1.23 LaTeX kernel commands for general use (HO)
) (/home/marcos/.TinyTeX/texmf-dist/tex/generic/oberdiek/kvsetkeys.sty
Package: kvsetkeys 2016/05/16 v1.17 Key value parser (HO)
(/home/marcos/.TinyTeX/texmf-dist/tex/generic/oberdiek/infwarerr.sty
Package: infwarerr 2016/05/16 v1.4 Providing info/warning/error messages (HO)
) (/home/marcos/.TinyTeX/texmf-dist/tex/generic/oberdiek/etexcmds.sty
Package: etexcmds 2016/05/16 v1.6 Avoid name clashes with e-TeX commands (HO)
))) (/home/marcos/.TinyTeX/texmf-dist/tex/latex/etoolbox/etoolbox.sty
Package: etoolbox 2018/08/19 v2.5f e-TeX tools for LaTeX (JAW)
\etb@tempcnta=\count271
)) (/home/marcos/.TinyTeX/texmf-dist/tex/latex/hyperref/hyperref.sty
Package: hyperref 2019/06/12 v6.88h Hypertext links for LaTeX
(/home/marcos/.TinyTeX/texmf-dist/tex/generic/oberdiek/hobsub-hyperref.sty
Package: hobsub-hyperref 2016/05/16 v1.14 Bundle oberdiek, subset hyperref (HO)

(/home/marcos/.TinyTeX/texmf-dist/tex/generic/oberdiek/hobsub-generic.sty
Package: hobsub-generic 2016/05/16 v1.14 Bundle oberdiek, subset generic (HO)
Package: hobsub 2016/05/16 v1.14 Construct package bundles (HO)
Package hobsub Info: Skipping package `infwarerr' (already loaded).
Package hobsub Info: Skipping package `ltxcmds' (already loaded).
Package hobsub Info: Skipping package `ifluatex' (already loaded).
Package: ifvtex 2016/05/16 v1.6 Detect VTeX and its facilities (HO)
Package ifvtex Info: VTeX not detected.
Package: intcalc 2016/05/16 v1.2 Expandable calculations with integers (HO)
Package: ifpdf 2018/09/07 v3.3 Provides the ifpdf switch
Package hobsub Info: Skipping package `etexcmds' (already loaded).
Package hobsub Info: Skipping package `kvsetkeys' (already loaded).
Package: kvdefinekeys 2016/05/16 v1.4 Define keys (HO)
Package: pdftexcmds 2019/07/25 v0.30 Utility functions of pdfTeX for LuaTeX (HO
)
Package pdftexcmds Info: LuaTeX not detected.
Package pdftexcmds Info: pdfTeX >= 1.30 not detected.
Package pdftexcmds Info: \pdf@primitive is available.
Package pdftexcmds Info: \pdf@ifprimitive is available.
Package pdftexcmds Info: \pdfdraftmode not found.
Package: pdfescape 2016/05/16 v1.14 Implements pdfTeX's escape features (HO)
Package: bigintcalc 2016/05/16 v1.4 Expandable calculations on big integers (HO
)
Package: bitset 2016/05/16 v1.2 Handle bit-vector datatype (HO)
Package: uniquecounter 2016/05/16 v1.3 Provide unlimited unique counter (HO)
)
Package hobsub Info: Skipping package `hobsub' (already loaded).
Package: letltxmacro 2016/05/16 v1.5 Let assignment for LaTeX macros (HO)
Package: hopatch 2016/05/16 v1.3 Wrapper for package hooks (HO)
Package: xcolor-patch 2016/05/16 xcolor patch
Package: atveryend 2016/05/16 v1.9 Hooks at the very end of document (HO)
Package: atbegshi 2016/06/09 v1.18 At begin shipout hook (HO)
Package: refcount 2016/05/16 v3.5 Data extraction from label references (HO)
Package: hycolor 2016/05/16 v1.8 Color options for hyperref/bookmark (HO)
) (/home/marcos/.TinyTeX/texmf-dist/tex/latex/oberdiek/auxhook.sty
Package: auxhook 2016/05/16 v1.4 Hooks for auxiliary files (HO)
)
\@linkdim=\dimen147
\Hy@linkcounter=\count272
\Hy@pagecounter=\count273
(/home/marcos/.TinyTeX/texmf-dist/tex/latex/hyperref/pd1enc.def
File: pd1enc.def 2019/06/12 v6.88h Hyperref: PDFDocEncoding definition (HO)
)
\Hy@SavedSpaceFactor=\count274
(/home/marcos/.TinyTeX/texmf-dist/tex/latex/latexconfig/hyperref.cfg
File: hyperref.cfg 2002/06/06 v1.2 hyperref configuration of TeXLive
)
Package hyperref Info: Option `unicode' set `true' on input line 4424.
(/home/marcos/.TinyTeX/texmf-dist/tex/latex/hyperref/puenc.def
File: puenc.def 2019/06/12 v6.88h Hyperref: PDF Unicode definition (HO)
)
Package hyperref Info: Hyper figures OFF on input line 4550.
Package hyperref Info: Link nesting OFF on input line 4555.
Package hyperref Info: Hyper index ON on input line 4558.
Package hyperref Info: Plain pages OFF on input line 4565.
Package hyperref Info: Backreferencing OFF on input line 4570.
Package hyperref Info: Implicit mode ON; LaTeX internals redefined.
Package hyperref Info: Bookmarks ON on input line 4803.
\c@Hy@tempcnt=\count275
(/home/marcos/.TinyTeX/texmf-dist/tex/latex/url/url.sty
\Urlmuskip=\muskip18
Package: url 2013/09/16  ver 3.4  Verb mode for urls, etc.
)
LaTeX Info: Redefining \url on input line 5156.
\XeTeXLinkMargin=\dimen148
\Fld@menulength=\count276
\Field@Width=\dimen149
\Fld@charsize=\dimen150
Package hyperref Info: Hyper figures OFF on input line 6411.
Package hyperref Info: Link nesting OFF on input line 6416.
Package hyperref Info: Hyper index ON on input line 6419.
Package hyperref Info: backreferencing OFF on input line 6426.
Package hyperref Info: Link coloring OFF on input line 6431.
Package hyperref Info: Link coloring with OCG OFF on input line 6436.
Package hyperref Info: PDF/A mode OFF on input line 6441.
LaTeX Info: Redefining \ref on input line 6481.
LaTeX Info: Redefining \pageref on input line 6485.
\Hy@abspage=\count277
\c@Item=\count278
\c@Hfootnote=\count279
)
Package hyperref Info: Driver (autodetected): hxetex.
(/home/marcos/.TinyTeX/texmf-dist/tex/latex/hyperref/hxetex.def
File: hxetex.def 2019/06/12 v6.88h Hyperref driver for XeTeX
(/home/marcos/.TinyTeX/texmf-dist/tex/generic/oberdiek/stringenc.sty
Package: stringenc 2016/05/16 v1.11 Convert strings between diff. encodings (HO
)
)
\pdfm@box=\box48
\c@Hy@AnnotLevel=\count280
\HyField@AnnotCount=\count281
\Fld@listcount=\count282
\c@bookmark@seq@number=\count283
(/home/marcos/.TinyTeX/texmf-dist/tex/latex/oberdiek/rerunfilecheck.sty
Package: rerunfilecheck 2016/05/16 v1.8 Rerun checks for auxiliary files (HO)
Package uniquecounter Info: New unique counter `rerunfilecheck' on input line 2
82.
)
\Hy@SectionHShift=\skip52
)
Package hyperref Info: Option `breaklinks' set `true' on input line 35.
(/home/marcos/.TinyTeX/texmf-dist/tex/latex/graphics/color.sty
Package: color 2016/07/10 v1.1e Standard LaTeX Color (DPC)
(/home/marcos/.TinyTeX/texmf-dist/tex/latex/graphics-cfg/color.cfg
File: color.cfg 2016/01/02 v1.6 sample color configuration
)
Package color Info: Driver file: xetex.def on input line 147.
(/home/marcos/.TinyTeX/texmf-dist/tex/latex/graphics-def/xetex.def
File: xetex.def 2017/06/24 v5.0h Graphics/color driver for xetex
)) (/home/marcos/.TinyTeX/texmf-dist/tex/latex/fancyvrb/fancyvrb.sty
Package: fancyvrb 2019/01/15
Style option: `fancyvrb' v3.2a <2019/01/15> (tvz)
\FV@CodeLineNo=\count284
\FV@InFile=\read2
\FV@TabBox=\box49
\c@FancyVerbLine=\count285
\FV@StepNumber=\count286
\FV@OutFile=\write3
) (/home/marcos/.TinyTeX/texmf-dist/tex/latex/framed/framed.sty
Package: framed 2011/10/22 v 0.96: framed or shaded text with page breaks
\OuterFrameSep=\skip53
\fb@frw=\dimen151
\fb@frh=\dimen152
\FrameRule=\dimen153
\FrameSep=\dimen154
) (/home/marcos/.TinyTeX/texmf-dist/tex/latex/tools/longtable.sty
Package: longtable 2014/10/28 v4.11 Multi-page Table package (DPC)+ FMi change
\LTleft=\skip54
\LTright=\skip55
\LTpre=\skip56
\LTpost=\skip57
\LTchunksize=\count287
\LTcapwidth=\dimen155
\LT@head=\box50
\LT@firsthead=\box51
\LT@foot=\box52
\LT@lastfoot=\box53
\LT@cols=\count288
\LT@rows=\count289
\c@LT@tables=\count290
\c@LT@chunks=\count291
\LT@p@ftn=\toks21
) (/home/marcos/.TinyTeX/texmf-dist/tex/latex/booktabs/booktabs.sty
Package: booktabs 2016/04/27 v1.618033 publication quality tables
\heavyrulewidth=\dimen156
\lightrulewidth=\dimen157
\cmidrulewidth=\dimen158
\belowrulesep=\dimen159
\belowbottomsep=\dimen160
\aboverulesep=\dimen161
\abovetopsep=\dimen162
\cmidrulesep=\dimen163
\cmidrulekern=\dimen164
\defaultaddspace=\dimen165
\@cmidla=\count292
\@cmidlb=\count293
\@aboverulesep=\dimen166
\@belowrulesep=\dimen167
\@thisruleclass=\count294
\@lastruleclass=\count295
\@thisrulewidth=\dimen168
) (/home/marcos/.TinyTeX/texmf-dist/tex/latex/graphics/graphicx.sty
Package: graphicx 2017/06/01 v1.1a Enhanced LaTeX Graphics (DPC,SPQR)
(/home/marcos/.TinyTeX/texmf-dist/tex/latex/graphics/graphics.sty
Package: graphics 2017/06/25 v1.2c Standard LaTeX Graphics (DPC,SPQR)
(/home/marcos/.TinyTeX/texmf-dist/tex/latex/graphics/trig.sty
Package: trig 2016/01/03 v1.10 sin cos tan (DPC)
) (/home/marcos/.TinyTeX/texmf-dist/tex/latex/graphics-cfg/graphics.cfg
File: graphics.cfg 2016/06/04 v1.11 sample graphics configuration
)
Package graphics Info: Driver file: xetex.def on input line 99.
)
\Gin@req@height=\dimen169
\Gin@req@width=\dimen170
) (/home/marcos/.TinyTeX/texmf-dist/tex/latex/oberdiek/grffile.sty
Package: grffile 2017/06/30 v1.18 Extended file name support for graphics (HO)
Package grffile Info: Option `multidot' is set to `true'.
Package grffile Info: Option `extendedchars' is set to `false'.
Package grffile Info: Option `space' is set to `true'.
Package grffile Info: \Gin@ii of package `graphicx' fixed on input line 494.
) (/home/marcos/.TinyTeX/texmf-dist/tex/latex/amscls/amsthm.sty
Package: amsthm 2017/10/31 v2.20.4
\thm@style=\toks22
\thm@bodyfont=\toks23
\thm@headfont=\toks24
\thm@notefont=\toks25
\thm@headpunct=\toks26
\thm@preskip=\skip58
\thm@postskip=\skip59
\thm@headsep=\skip60
\dth@everypar=\toks27
) (/home/marcos/.TinyTeX/texmf-dist/tex/generic/babel/babel.sty
Package: babel 2019/07/19 3.33 The Babel package
(/home/marcos/.TinyTeX/texmf-dist/tex/generic/babel/switch.def
File: switch.def 2019/07/19 3.33 Babel switching mechanism
) (/home/marcos/.TinyTeX/texmf-dist/tex/generic/babel-spanish/spanish.ldf
Language: spanish.ldf 2016/03/03 v5.0p Spanish support from the babel system
(/home/marcos/.TinyTeX/texmf-dist/tex/generic/babel/babel.def
File: babel.def 2019/07/19 3.33 Babel common definitions
\babel@savecnt=\count296
\U@D=\dimen171
(/home/marcos/.TinyTeX/texmf-dist/tex/generic/babel/xebabel.def (/home/marcos/.
TinyTeX/texmf-dist/tex/generic/babel/txtbabel.def))
\bbl@dirlevel=\count297
)
\es@quottoks=\toks28
\es@quotdepth=\count298
Package babel Info: Making " an active character on input line 561.
Package babel Info: Making . an active character on input line 662.
Package babel Info: Making < an active character on input line 707.
Package babel Info: Making > an active character on input line 707.
)) (/home/marcos/.TinyTeX/texmf-dist/tex/latex/base/inputenc.sty
Package: inputenc 2018/08/11 v1.3c Input encoding file
\inpenc@prehook=\toks29
\inpenc@posthook=\toks30

Package inputenc Warning: inputenc package ignored with utf8 based engines.

) (/home/marcos/.TinyTeX/texmf-dist/tex/latex/geometry/geometry.sty
Package: geometry 2018/04/16 v5.8 Page Geometry
\Gm@cnth=\count299
\Gm@cntv=\count300
\c@Gm@tempcnt=\count301
\Gm@bindingoffset=\dimen172
\Gm@wd@mp=\dimen173
\Gm@odd@mp=\dimen174
\Gm@even@mp=\dimen175
\Gm@layoutwidth=\dimen176
\Gm@layoutheight=\dimen177
\Gm@layouthoffset=\dimen178
\Gm@layoutvoffset=\dimen179
\Gm@dimlist=\toks31
) (/home/marcos/.TinyTeX/texmf-dist/tex/latex/fancyhdr/fancyhdr.sty
Package: fancyhdr 2019/01/31 v3.10 Extensive control of page headers and footer
s
\f@nch@headwidth=\skip61
\f@nch@O@elh=\skip62
\f@nch@O@erh=\skip63
\f@nch@O@olh=\skip64
\f@nch@O@orh=\skip65
\f@nch@O@elf=\skip66
\f@nch@O@erf=\skip67
\f@nch@O@olf=\skip68
\f@nch@O@orf=\skip69
) (/home/marcos/.TinyTeX/texmf-dist/tex/latex/tocloft/tocloft.sty
Package: tocloft 2017/08/31 v2.3i parameterised ToC, etc., typesetting
Package tocloft Info: The document has chapter divisions on input line 51.
\cftparskip=\skip70
\cftbeforetoctitleskip=\skip71
\cftaftertoctitleskip=\skip72
\cftbeforepartskip=\skip73
\cftpartnumwidth=\skip74
\cftpartindent=\skip75
\cftbeforechapskip=\skip76
\cftchapindent=\skip77
\cftchapnumwidth=\skip78
\cftbeforesecskip=\skip79
\cftsecindent=\skip80
\cftsecnumwidth=\skip81
\cftbeforesubsecskip=\skip82
\cftsubsecindent=\skip83
\cftsubsecnumwidth=\skip84
\cftbeforesubsubsecskip=\skip85
\cftsubsubsecindent=\skip86
\cftsubsubsecnumwidth=\skip87
\cftbeforeparaskip=\skip88
\cftparaindent=\skip89
\cftparanumwidth=\skip90
\cftbeforesubparaskip=\skip91
\cftsubparaindent=\skip92
\cftsubparanumwidth=\skip93
\cftbeforeloftitleskip=\skip94
\cftafterloftitleskip=\skip95
\cftbeforefigskip=\skip96
\cftfigindent=\skip97
\cftfignumwidth=\skip98
\c@lofdepth=\count302
\c@lotdepth=\count303
\cftbeforelottitleskip=\skip99
\cftafterlottitleskip=\skip100
\cftbeforetabskip=\skip101
\cfttabindent=\skip102
\cfttabnumwidth=\skip103

Package tocloft Warning: \@starttoc has already been redefined; tocloft bailing
 out. on input line 1147.

) (/home/marcos/.TinyTeX/texmf-dist/tex/latex/xcolor/xcolor.sty
Package: xcolor 2016/05/11 v2.12 LaTeX color extensions (UK)
(/home/marcos/.TinyTeX/texmf-dist/tex/latex/graphics-cfg/color.cfg
File: color.cfg 2016/01/02 v1.6 sample color configuration
)
Package xcolor Info: Driver file: xetex.def on input line 225.
LaTeX Info: Redefining \color on input line 709.
Package xcolor Info: Model `cmy' substituted by `cmy0' on input line 1348.
Package xcolor Info: Model `RGB' extended on input line 1364.
Package xcolor Info: Model `HTML' substituted by `rgb' on input line 1366.
Package xcolor Info: Model `Hsb' substituted by `hsb' on input line 1367.
Package xcolor Info: Model `tHsb' substituted by `hsb' on input line 1368.
Package xcolor Info: Model `HSB' substituted by `hsb' on input line 1369.
Package xcolor Info: Model `Gray' substituted by `gray' on input line 1370.
Package xcolor Info: Model `wave' substituted by `hsb' on input line 1371.
) (/home/marcos/.TinyTeX/texmf-dist/tex/latex/tools/multicol.sty
Package: multicol 2018/12/27 v1.8v multicolumn formatting (FMi)
\c@tracingmulticols=\count304
\mult@box=\box54
\multicol@leftmargin=\dimen180
\c@unbalance=\count305
\c@collectmore=\count306
\doublecol@number=\count307
\multicoltolerance=\count308
\multicolpretolerance=\count309
\full@width=\dimen181
\page@free=\dimen182
\premulticols=\dimen183
\postmulticols=\dimen184
\multicolsep=\skip104
\multicolbaselineskip=\skip105
\partial@page=\box55
\last@line=\box56
\maxbalancingoverflow=\dimen185
\mult@rightbox=\box57
\mult@grightbox=\box58
\mult@gfirstbox=\box59
\mult@firstbox=\box60
\@tempa=\box61
\@tempa=\box62
\@tempa=\box63
\@tempa=\box64
\@tempa=\box65
\@tempa=\box66
\@tempa=\box67
\@tempa=\box68
\@tempa=\box69
\@tempa=\box70
\@tempa=\box71
\@tempa=\box72
\@tempa=\box73
\@tempa=\box74
\@tempa=\box75
\@tempa=\box76
\@tempa=\box77
\c@columnbadness=\count310
\c@finalcolumnbadness=\count311
\last@try=\dimen186
\multicolovershoot=\dimen187
\multicolundershoot=\dimen188
\mult@nat@firstbox=\box78
\colbreak@box=\box79
\mc@col@check@num=\count312
)
\c@teorema=\count313
(/home/marcos/.TinyTeX/texmf-dist/tex/latex/tools/enumerate.sty
Package: enumerate 2015/07/23 v3.00 enumerate extensions (DPC)
\@enLab=\toks32
) (/home/marcos/.TinyTeX/texmf-dist/tex/latex/algorithms/algorithm.sty
Invalid UTF-8 byte or sequence at line 11 replaced by U+FFFD.
Package: algorithm 2009/08/24 v0.1 Document Style `algorithm' - floating enviro
nment
(/home/marcos/.TinyTeX/texmf-dist/tex/latex/float/float.sty
Package: float 2001/11/08 v1.3d Float enhancements (AL)
\c@float@type=\count314
\float@exts=\toks33
\float@box=\box80
\@float@everytoks=\toks34
\@floatcapt=\box81
) (/home/marcos/.TinyTeX/texmf-dist/tex/latex/base/ifthen.sty
Package: ifthen 2014/09/29 v1.1c Standard LaTeX ifthen package (DPC)
)
\@float@every@algorithm=\toks35
\c@algorithm=\count315
) (/home/marcos/.TinyTeX/texmf-dist/tex/latex/algorithms/algorithmic.sty
Invalid UTF-8 byte or sequence at line 11 replaced by U+FFFD.
Package: algorithmic 2009/08/24 v0.1 Document Style `algorithmic'
\c@ALC@unique=\count316
\c@ALC@line=\count317
\c@ALC@rem=\count318
\c@ALC@depth=\count319
\ALC@tlm=\skip106
\algorithmicindent=\skip107
) (./spanishAlgorithmic.tex) (/home/marcos/.TinyTeX/texmf-dist/tex/latex/natbib
/natbib.sty
Package: natbib 2010/09/13 8.31b (PWD, AO)
\bibhang=\skip108
\bibsep=\skip109
LaTeX Info: Redefining \cite on input line 694.
\c@NAT@ctr=\count320
) (./guia-met-num.aux
LaTeX Info: Redefining \. on input line 24.
LaTeX Info: Redefining \% on input line 24.
)
\openout1 = `guia-met-num.aux'.

LaTeX Font Info:    Checking defaults for OML/cmm/m/it on input line 249.
LaTeX Font Info:    ... okay on input line 249.
LaTeX Font Info:    Checking defaults for T1/cmr/m/n on input line 249.
LaTeX Font Info:    ... okay on input line 249.
LaTeX Font Info:    Checking defaults for OT1/cmr/m/n on input line 249.
LaTeX Font Info:    ... okay on input line 249.
LaTeX Font Info:    Checking defaults for OMS/cmsy/m/n on input line 249.
LaTeX Font Info:    ... okay on input line 249.
LaTeX Font Info:    Checking defaults for TU/lmr/m/n on input line 249.
LaTeX Font Info:    ... okay on input line 249.
LaTeX Font Info:    Checking defaults for OMX/cmex/m/n on input line 249.
LaTeX Font Info:    ... okay on input line 249.
LaTeX Font Info:    Checking defaults for U/cmr/m/n on input line 249.
LaTeX Font Info:    ... okay on input line 249.
LaTeX Font Info:    Checking defaults for TS1/cmr/m/n on input line 249.
LaTeX Font Info:    ... okay on input line 249.
LaTeX Font Info:    Checking defaults for PD1/pdf/m/n on input line 249.
LaTeX Font Info:    ... okay on input line 249.
LaTeX Font Info:    Checking defaults for PU/pdf/m/n on input line 249.
LaTeX Font Info:    ... okay on input line 249.
LaTeX Font Info:    Overwriting math alphabet `\mathrm' in version `normal'
(Font)                  OT1/lmr/m/n --> TU/lmr/m/n on input line 249.
LaTeX Font Info:    Overwriting math alphabet `\mathit' in version `normal'
(Font)                  OT1/lmr/m/it --> TU/lmr/m/it on input line 249.
LaTeX Font Info:    Overwriting math alphabet `\mathbf' in version `normal'
(Font)                  OT1/lmr/bx/n --> TU/lmr/bx/n on input line 249.
LaTeX Font Info:    Overwriting math alphabet `\mathsf' in version `normal'
(Font)                  OT1/lmss/m/n --> TU/lmss/m/n on input line 249.
LaTeX Font Info:    Overwriting math alphabet `\mathsf' in version `bold'
(Font)                  OT1/lmss/bx/n --> TU/lmss/bx/n on input line 249.
LaTeX Font Info:    Overwriting math alphabet `\mathtt' in version `normal'
(Font)                  OT1/lmtt/m/n --> TU/lmtt/m/n on input line 249.
LaTeX Font Info:    Overwriting math alphabet `\mathtt' in version `bold'
(Font)                  OT1/lmtt/m/n --> TU/lmtt/bx/n on input line 249.

Package fontspec Info: latinmodern-math scale = 1.


Package fontspec Info: latinmodern-math scale = 1.


Package fontspec Info: latinmodern-math scale = 1.


Package fontspec Info: Font family 'latinmodern-math.otf(0)' created for font
(fontspec)             'latinmodern-math.otf' with options
(fontspec)             [Ligatures=TeX,Scale=MatchLowercase,BoldItalicFont={},It
alicFont={},SmallCapsFont={},Script=Math,BoldFont={latinmodern-math.otf}].
(fontspec)              
(fontspec)              This font family consists of the following NFSS
(fontspec)             series/shapes:
(fontspec)              
(fontspec)             - 'normal' (m/n) with NFSS spec.:
(fontspec)             <->s*[1]"[latinmodern-math.otf]/OT:script=math;language=
DFLT;mapping=tex-text;"
(fontspec)             - 'small caps'  (m/sc) with NFSS spec.: 
(fontspec)             - 'bold' (bx/n) with NFSS spec.:
(fontspec)             <->s*[1]"[latinmodern-math.otf]/OT:script=math;language=
DFLT;mapping=tex-text;"
(fontspec)             - 'bold small caps'  (bx/sc) with NFSS spec.: 

LaTeX Font Info:    Font shape `TU/latinmodern-math.otf(0)/m/n' will be
(Font)              scaled to size 10.0pt on input line 249.

Package fontspec Info: latinmodern-math scale = 1.


Package fontspec Info: latinmodern-math scale = 1.


Package fontspec Info: latinmodern-math scale = 1.


Package fontspec Info: latinmodern-math scale = 1.


Package fontspec Info: latinmodern-math scale = 1.


Package fontspec Info: Font family 'latinmodern-math.otf(1)' created for font
(fontspec)             'latinmodern-math.otf' with options
(fontspec)             [Ligatures=TeX,Scale=MatchLowercase,BoldItalicFont={},It
alicFont={},SmallCapsFont={},Script=Math,SizeFeatures={{Size=8.5-},{Size=6-8.5,
Font=latinmodern-math.otf,Style=MathScript},{Size=-6,Font=latinmodern-math.otf,
Style=MathScriptScript}},BoldFont={latinmodern-math.otf}].
(fontspec)              
(fontspec)              This font family consists of the following NFSS
(fontspec)             series/shapes:
(fontspec)              
(fontspec)             - 'normal' (m/n) with NFSS spec.:
(fontspec)             <8.5->s*[1]"[latinmodern-math.otf]/OT:script=math;langua
ge=DFLT;mapping=tex-text;"<6-8.5>s*[1]"[latinmodern-math.otf]/OT:script=math;la
nguage=DFLT;+ssty=0;mapping=tex-text;"<-6>s*[1]"[latinmodern-math.otf]/OT:scrip
t=math;language=DFLT;+ssty=1;mapping=tex-text;"
(fontspec)             - 'small caps'  (m/sc) with NFSS spec.: 
(fontspec)             - 'bold' (bx/n) with NFSS spec.:
(fontspec)             <->s*[1]"[latinmodern-math.otf]/OT:script=math;language=
DFLT;mapping=tex-text;"
(fontspec)             - 'bold small caps'  (bx/sc) with NFSS spec.: 

LaTeX Font Info:    Font shape `TU/latinmodern-math.otf(1)/m/n' will be
(Font)              scaled to size 10.0pt on input line 249.
LaTeX Font Info:    Encoding `OT1' has changed to `TU' for symbol font
(Font)              `operators' in the math version `normal' on input line 249.

LaTeX Font Info:    Overwriting symbol font `operators' in version `normal'
(Font)                  OT1/lmr/m/n --> TU/latinmodern-math.otf(1)/m/n on input
 line 249.
LaTeX Font Info:    Encoding `OT1' has changed to `TU' for symbol font
(Font)              `operators' in the math version `bold' on input line 249.
LaTeX Font Info:    Overwriting symbol font `operators' in version `bold'
(Font)                  OT1/lmr/bx/n --> TU/latinmodern-math.otf(1)/bx/n on inp
ut line 249.

Package fontspec Info: latinmodern-math scale = 1.


Package fontspec Info: latinmodern-math scale = 1.0001.


Package fontspec Info: latinmodern-math scale = 1.


Package fontspec Info: latinmodern-math scale = 1.0001.


Package fontspec Info: latinmodern-math scale = 1.


Package fontspec Info: latinmodern-math scale = 1.0001.


Package fontspec Info: latinmodern-math scale = 1.


Package fontspec Info: latinmodern-math scale = 1.0001.


Package fontspec Info: latinmodern-math scale = 1.


Package fontspec Info: latinmodern-math scale = 1.0001.


Package fontspec Info: Font family 'latinmodern-math.otf(2)' created for font
(fontspec)             'latinmodern-math.otf' with options
(fontspec)             [Ligatures=TeX,Scale=MatchLowercase,BoldItalicFont={},It
alicFont={},SmallCapsFont={},Script=Math,SizeFeatures={{Size=8.5-},{Size=6-8.5,
Font=latinmodern-math.otf,Style=MathScript},{Size=-6,Font=latinmodern-math.otf,
Style=MathScriptScript}},BoldFont={latinmodern-math.otf},ScaleAgain=1.0001,Font
Adjustment={\fontdimen
(fontspec)             8\font =6.77pt\relax \fontdimen 9\font =3.94pt\relax
(fontspec)             \fontdimen 10\font =4.44pt\relax \fontdimen 11\font
(fontspec)             =6.86pt\relax \fontdimen 12\font =3.45pt\relax
(fontspec)             \fontdimen 13\font =3.63pt\relax \fontdimen 14\font
(fontspec)             =3.63pt\relax \fontdimen 15\font =2.89pt\relax
(fontspec)             \fontdimen 16\font =2.47pt\relax \fontdimen 17\font
(fontspec)             =2.47pt\relax \fontdimen 18\font =2.5pt\relax
(fontspec)             \fontdimen 19\font =2.0pt\relax \fontdimen 22\font
(fontspec)             =2.5pt\relax \fontdimen 20\font =0pt\relax \fontdimen
(fontspec)             21\font =0pt\relax }].
(fontspec)              
(fontspec)              This font family consists of the following NFSS
(fontspec)             series/shapes:
(fontspec)              
(fontspec)             - 'normal' (m/n) with NFSS spec.:
(fontspec)             <8.5->s*[1.0001]"[latinmodern-math.otf]/OT:script=math;l
anguage=DFLT;mapping=tex-text;"<6-8.5>s*[1.0001]"[latinmodern-math.otf]/OT:scri
pt=math;language=DFLT;+ssty=0;mapping=tex-text;"<-6>s*[1.0001]"[latinmodern-mat
h.otf]/OT:script=math;language=DFLT;+ssty=1;mapping=tex-text;"
(fontspec)             - 'small caps'  (m/sc) with NFSS spec.: 
(fontspec)             and font adjustment code:
(fontspec)             \fontdimen 8\font =6.77pt\relax \fontdimen 9\font
(fontspec)             =3.94pt\relax \fontdimen 10\font =4.44pt\relax
(fontspec)             \fontdimen 11\font =6.86pt\relax \fontdimen 12\font
(fontspec)             =3.45pt\relax \fontdimen 13\font =3.63pt\relax
(fontspec)             \fontdimen 14\font =3.63pt\relax \fontdimen 15\font
(fontspec)             =2.89pt\relax \fontdimen 16\font =2.47pt\relax
(fontspec)             \fontdimen 17\font =2.47pt\relax \fontdimen 18\font
(fontspec)             =2.5pt\relax \fontdimen 19\font =2.0pt\relax \fontdimen
(fontspec)             22\font =2.5pt\relax \fontdimen 20\font =0pt\relax
(fontspec)             \fontdimen 21\font =0pt\relax 
(fontspec)             - 'bold' (bx/n) with NFSS spec.:
(fontspec)             <->s*[1.0001]"[latinmodern-math.otf]/OT:script=math;lang
uage=DFLT;mapping=tex-text;"
(fontspec)             - 'bold small caps'  (bx/sc) with NFSS spec.: 
(fontspec)             and font adjustment code:
(fontspec)             \fontdimen 8\font =6.77pt\relax \fontdimen 9\font
(fontspec)             =3.94pt\relax \fontdimen 10\font =4.44pt\relax
(fontspec)             \fontdimen 11\font =6.86pt\relax \fontdimen 12\font
(fontspec)             =3.45pt\relax \fontdimen 13\font =3.63pt\relax
(fontspec)             \fontdimen 14\font =3.63pt\relax \fontdimen 15\font
(fontspec)             =2.89pt\relax \fontdimen 16\font =2.47pt\relax
(fontspec)             \fontdimen 17\font =2.47pt\relax \fontdimen 18\font
(fontspec)             =2.5pt\relax \fontdimen 19\font =2.0pt\relax \fontdimen
(fontspec)             22\font =2.5pt\relax \fontdimen 20\font =0pt\relax
(fontspec)             \fontdimen 21\font =0pt\relax 

LaTeX Font Info:    Encoding `OMS' has changed to `TU' for symbol font
(Font)              `symbols' in the math version `normal' on input line 249.
LaTeX Font Info:    Overwriting symbol font `symbols' in version `normal'
(Font)                  OMS/lmsy/m/n --> TU/latinmodern-math.otf(2)/m/n on inpu
t line 249.
LaTeX Font Info:    Encoding `OMS' has changed to `TU' for symbol font
(Font)              `symbols' in the math version `bold' on input line 249.
LaTeX Font Info:    Overwriting symbol font `symbols' in version `bold'
(Font)                  OMS/lmsy/b/n --> TU/latinmodern-math.otf(2)/bx/n on inp
ut line 249.

Package fontspec Info: latinmodern-math scale = 1.


Package fontspec Info: latinmodern-math scale = 0.9999.


Package fontspec Info: latinmodern-math scale = 1.


Package fontspec Info: latinmodern-math scale = 0.9999.


Package fontspec Info: latinmodern-math scale = 1.


Package fontspec Info: latinmodern-math scale = 0.9999.


Package fontspec Info: latinmodern-math scale = 1.


Package fontspec Info: latinmodern-math scale = 0.9999.


Package fontspec Info: latinmodern-math scale = 1.


Package fontspec Info: latinmodern-math scale = 0.9999.


Package fontspec Info: Font family 'latinmodern-math.otf(3)' created for font
(fontspec)             'latinmodern-math.otf' with options
(fontspec)             [Ligatures=TeX,Scale=MatchLowercase,BoldItalicFont={},It
alicFont={},SmallCapsFont={},Script=Math,SizeFeatures={{Size=8.5-},{Size=6-8.5,
Font=latinmodern-math.otf,Style=MathScript},{Size=-6,Font=latinmodern-math.otf,
Style=MathScriptScript}},BoldFont={latinmodern-math.otf},ScaleAgain=0.9999,Font
Adjustment={\fontdimen
(fontspec)             8\font =0.4pt\relax \fontdimen 9\font =2.0pt\relax
(fontspec)             \fontdimen 10\font =1.67pt\relax \fontdimen 11\font
(fontspec)             =1.11pt\relax \fontdimen 12\font =6.0pt\relax
(fontspec)             \fontdimen 13\font =0pt\relax }].
(fontspec)              
(fontspec)              This font family consists of the following NFSS
(fontspec)             series/shapes:
(fontspec)              
(fontspec)             - 'normal' (m/n) with NFSS spec.:
(fontspec)             <8.5->s*[0.9999]"[latinmodern-math.otf]/OT:script=math;l
anguage=DFLT;mapping=tex-text;"<6-8.5>s*[0.9999]"[latinmodern-math.otf]/OT:scri
pt=math;language=DFLT;+ssty=0;mapping=tex-text;"<-6>s*[0.9999]"[latinmodern-mat
h.otf]/OT:script=math;language=DFLT;+ssty=1;mapping=tex-text;"
(fontspec)             - 'small caps'  (m/sc) with NFSS spec.: 
(fontspec)             and font adjustment code:
(fontspec)             \fontdimen 8\font =0.4pt\relax \fontdimen 9\font
(fontspec)             =2.0pt\relax \fontdimen 10\font =1.67pt\relax
(fontspec)             \fontdimen 11\font =1.11pt\relax \fontdimen 12\font
(fontspec)             =6.0pt\relax \fontdimen 13\font =0pt\relax 
(fontspec)             - 'bold' (bx/n) with NFSS spec.:
(fontspec)             <->s*[0.9999]"[latinmodern-math.otf]/OT:script=math;lang
uage=DFLT;mapping=tex-text;"
(fontspec)             - 'bold small caps'  (bx/sc) with NFSS spec.: 
(fontspec)             and font adjustment code:
(fontspec)             \fontdimen 8\font =0.4pt\relax \fontdimen 9\font
(fontspec)             =2.0pt\relax \fontdimen 10\font =1.67pt\relax
(fontspec)             \fontdimen 11\font =1.11pt\relax \fontdimen 12\font
(fontspec)             =6.0pt\relax \fontdimen 13\font =0pt\relax 

LaTeX Font Info:    Encoding `OMX' has changed to `TU' for symbol font
(Font)              `largesymbols' in the math version `normal' on input line 2
49.
LaTeX Font Info:    Overwriting symbol font `largesymbols' in version `normal'
(Font)                  OMX/lmex/m/n --> TU/latinmodern-math.otf(3)/m/n on inpu
t line 249.
LaTeX Font Info:    Encoding `OMX' has changed to `TU' for symbol font
(Font)              `largesymbols' in the math version `bold' on input line 249
.
LaTeX Font Info:    Overwriting symbol font `largesymbols' in version `bold'
(Font)                  OMX/lmex/m/n --> TU/latinmodern-math.otf(3)/bx/n on inp
ut line 249.
\AtBeginShipoutBox=\box82
Package hyperref Info: Link coloring OFF on input line 249.
(/home/marcos/.TinyTeX/texmf-dist/tex/latex/hyperref/nameref.sty
Package: nameref 2016/05/21 v2.44 Cross-referencing by name of section
(/home/marcos/.TinyTeX/texmf-dist/tex/generic/oberdiek/gettitlestring.sty
Package: gettitlestring 2016/05/16 v1.5 Cleanup title references (HO)
)
\c@section@level=\count321
)
LaTeX Info: Redefining \ref on input line 249.
LaTeX Info: Redefining \pageref on input line 249.
LaTeX Info: Redefining \nameref on input line 249.
(./guia-met-num.out) (./guia-met-num.out)
\@outlinefile=\write4
\openout4 = `guia-met-num.out'.

LaTeX Info: Redefining \. on input line 249.
LaTeX Info: Redefining \% on input line 249.
*geometry* driver: auto-detecting
*geometry* detected driver: xetex
*geometry* verbose mode - [ preamble ] result:
* driver: xetex
* paper: <default>
* layout: <same size as paper>
* layoutoffset:(h,v)=(0.0pt,0.0pt)
* modes: twoside 
* h-part:(L,W,R)=(56.9055pt, 500.484pt, 56.9055pt)
* v-part:(T,H,B)=(56.9055pt, 681.15898pt, 56.9055pt)
* \paperwidth=614.295pt
* \paperheight=794.96999pt
* \textwidth=500.484pt
* \textheight=681.15898pt
* \oddsidemargin=-15.36449pt
* \evensidemargin=-15.36449pt
* \topmargin=-45.43198pt
* \headheight=12.0pt
* \headsep=18.06749pt
* \topskip=10.0pt
* \footskip=25.29494pt
* \marginparwidth=125.0pt
* \marginparsep=7.0pt
* \columnsep=10.0pt
* \skip\footins=9.0pt plus 4.0pt minus 2.0pt
* \hoffset=0.0pt
* \voffset=0.0pt
* \mag=1000
* \@twocolumnfalse
* \@twosidetrue
* \@mparswitchtrue
* \@reversemarginfalse
* (1in=72.27pt=25.4mm, 1cm=28.453pt)

LaTeX Font Info:    Font shape `TU/latinmodern-math.otf(1)/m/n' will be
(Font)              scaled to size 12.0pt on input line 251.
LaTeX Font Info:    Font shape `TU/latinmodern-math.otf(1)/m/n' will be
(Font)              scaled to size 8.0pt on input line 251.
LaTeX Font Info:    Font shape `TU/latinmodern-math.otf(1)/m/n' will be
(Font)              scaled to size 6.0pt on input line 251.
LaTeX Font Info:    Try loading font information for OML+lmm on input line 251.

(/home/marcos/.TinyTeX/texmf-dist/tex/latex/lm/omllmm.fd
File: omllmm.fd 2009/10/30 v1.6 Font defs for Latin Modern
)
LaTeX Font Info:    Font shape `TU/latinmodern-math.otf(2)/m/n' will be
(Font)              scaled to size 12.00128pt on input line 251.
LaTeX Font Info:    Font shape `TU/latinmodern-math.otf(2)/m/n' will be
(Font)              scaled to size 8.00085pt on input line 251.
LaTeX Font Info:    Font shape `TU/latinmodern-math.otf(2)/m/n' will be
(Font)              scaled to size 6.00064pt on input line 251.
LaTeX Font Info:    Font shape `TU/latinmodern-math.otf(3)/m/n' will be
(Font)              scaled to size 11.99872pt on input line 251.
LaTeX Font Info:    Font shape `TU/latinmodern-math.otf(3)/m/n' will be
(Font)              scaled to size 7.99915pt on input line 251.
LaTeX Font Info:    Font shape `TU/latinmodern-math.otf(3)/m/n' will be
(Font)              scaled to size 5.99936pt on input line 251.
LaTeX Font Info:    Try loading font information for U+msa on input line 251.
(/home/marcos/.TinyTeX/texmf-dist/tex/latex/amsfonts/umsa.fd
File: umsa.fd 2013/01/14 v3.01 AMS symbols A
)
LaTeX Font Info:    Try loading font information for U+msb on input line 251.
(/home/marcos/.TinyTeX/texmf-dist/tex/latex/amsfonts/umsb.fd
File: umsb.fd 2013/01/14 v3.01 AMS symbols B
) [1


] (./guia-met-num.toc
LaTeX Info: Redefining \. on input line 1.
LaTeX Info: Redefining \% on input line 1.
LaTeX Font Info:    Font shape `TU/latinmodern-math.otf(1)/m/n' will be
(Font)              scaled to size 7.0pt on input line 3.
LaTeX Font Info:    Font shape `TU/latinmodern-math.otf(1)/m/n' will be
(Font)              scaled to size 5.0pt on input line 3.
LaTeX Font Info:    Font shape `TU/latinmodern-math.otf(2)/m/n' will be
(Font)              scaled to size 10.00107pt on input line 3.
LaTeX Font Info:    Font shape `TU/latinmodern-math.otf(2)/m/n' will be
(Font)              scaled to size 7.00075pt on input line 3.
LaTeX Font Info:    Font shape `TU/latinmodern-math.otf(2)/m/n' will be
(Font)              scaled to size 5.00053pt on input line 3.
LaTeX Font Info:    Font shape `TU/latinmodern-math.otf(3)/m/n' will be
(Font)              scaled to size 9.99893pt on input line 3.
LaTeX Font Info:    Font shape `TU/latinmodern-math.otf(3)/m/n' will be
(Font)              scaled to size 6.99925pt on input line 3.
LaTeX Font Info:    Font shape `TU/latinmodern-math.otf(3)/m/n' will be
(Font)              scaled to size 4.99947pt on input line 3.
[2])
\tf@toc=\write5
\openout5 = `guia-met-num.toc'.

LaTeX Info: Redefining \. on input line 257.
LaTeX Info: Redefining \% on input line 257.

Package Fancyhdr Warning: \headheight is too small (12.0pt): 
Make it at least 12.69003pt.
We now make it that large for the rest of the document.
This may cause the page layout to be inconsistent, however.

[3]
LaTeX Info: Redefining \. on input line 295.
LaTeX Info: Redefining \% on input line 295.
[4

]
Unidad 1.
LaTeX Info: Redefining \. on input line 373.
LaTeX Info: Redefining \% on input line 373.
[5

]
LaTeX Info: Redefining \. on input line 453.
LaTeX Info: Redefining \% on input line 453.
[6]
LaTeX Info: Redefining \. on input line 548.
LaTeX Info: Redefining \% on input line 548.
[7]
File: Plots/U1/floatingPoint.jpg Graphic file (type bmp)
<Plots/U1/floatingPoint.jpg>
File: Plots/U1/float64_2.png Graphic file (type bmp)
<Plots/U1/float64_2.png>
File: Plots/U1/floatej.png Graphic file (type bmp)
<Plots/U1/floatej.png>

Package xcolor Warning: Incompatible color definition on input line 591.

LaTeX Info: Redefining \. on input line 591.
LaTeX Info: Redefining \% on input line 591.
[8]
LaTeX Font Info:    Font shape `TU/lmtt/bx/n' in size <10> not available
(Font)              Font shape `TU/lmtt/b/n' tried instead on input line 593.

Package xcolor Warning: Incompatible color definition on input line 595.


Package xcolor Warning: Incompatible color definition on input line 595.


Package xcolor Warning: Incompatible color definition on input line 601.


Package xcolor Warning: Incompatible color definition on input line 605.


Package xcolor Warning: Incompatible color definition on input line 605.


Package xcolor Warning: Incompatible color definition on input line 618.


Package xcolor Warning: Incompatible color definition on input line 622.


Package xcolor Warning: Incompatible color definition on input line 622.


Package xcolor Warning: Incompatible color definition on input line 628.


Package xcolor Warning: Incompatible color definition on input line 632.


Package xcolor Warning: Incompatible color definition on input line 632.


Package xcolor Warning: Incompatible color definition on input line 638.


Package xcolor Warning: Incompatible color definition on input line 642.


Package xcolor Warning: Incompatible color definition on input line 642.


Package xcolor Warning: Incompatible color definition on input line 654.


Package xcolor Warning: Incompatible color definition on input line 658.


Package xcolor Warning: Incompatible color definition on input line 658.


Package xcolor Warning: Incompatible color definition on input line 664.


Package xcolor Warning: Incompatible color definition on input line 668.


Package xcolor Warning: Incompatible color definition on input line 668.


Package xcolor Warning: Incompatible color definition on input line 674.


Package xcolor Warning: Incompatible color definition on input line 678.


Package xcolor Warning: Incompatible color definition on input line 678.


Package xcolor Warning: Incompatible color definition on input line 690.


Package xcolor Warning: Incompatible color definition on input line 694.


Package xcolor Warning: Incompatible color definition on input line 694.


Package xcolor Warning: Incompatible color definition on input line 700.


Package xcolor Warning: Incompatible color definition on input line 704.


Package xcolor Warning: Incompatible color definition on input line 704.


Package xcolor Warning: Incompatible color definition on input line 716.


Package xcolor Warning: Incompatible color definition on input line 720.


Package xcolor Warning: Incompatible color definition on input line 720.


Package xcolor Warning: Incompatible color definition on input line 726.


Package xcolor Warning: Incompatible color definition on input line 730.


Package xcolor Warning: Incompatible color definition on input line 730.


Package xcolor Warning: Incompatible color definition on input line 736.

LaTeX Info: Redefining \. on input line 736.
LaTeX Info: Redefining \% on input line 736.
[9]

Package xcolor Warning: Incompatible color definition on input line 740.


Package xcolor Warning: Incompatible color definition on input line 740.


Package xcolor Warning: Incompatible color definition on input line 746.


Package xcolor Warning: Incompatible color definition on input line 750.


Package xcolor Warning: Incompatible color definition on input line 750.


Package xcolor Warning: Incompatible color definition on input line 766.


Package xcolor Warning: Incompatible color definition on input line 770.


Package xcolor Warning: Incompatible color definition on input line 770.


Package xcolor Warning: Incompatible color definition on input line 778.


Package xcolor Warning: Incompatible color definition on input line 782.


Package xcolor Warning: Incompatible color definition on input line 782.


Package xcolor Warning: Incompatible color definition on input line 788.


Package xcolor Warning: Incompatible color definition on input line 792.


Package xcolor Warning: Incompatible color definition on input line 792.


Package xcolor Warning: Incompatible color definition on input line 798.


Package xcolor Warning: Incompatible color definition on input line 802.


Package xcolor Warning: Incompatible color definition on input line 802.


Package xcolor Warning: Incompatible color definition on input line 812.


Package xcolor Warning: Incompatible color definition on input line 816.


Package xcolor Warning: Incompatible color definition on input line 816.


Package xcolor Warning: Incompatible color definition on input line 822.


Package xcolor Warning: Incompatible color definition on input line 826.


Package xcolor Warning: Incompatible color definition on input line 826.


Package xcolor Warning: Incompatible color definition on input line 832.


Package xcolor Warning: Incompatible color definition on input line 836.


Package xcolor Warning: Incompatible color definition on input line 836.


Package xcolor Warning: Incompatible color definition on input line 848.


Package xcolor Warning: Incompatible color definition on input line 852.


Package xcolor Warning: Incompatible color definition on input line 852.


Package xcolor Warning: Incompatible color definition on input line 858.


Underfull \vbox (badness 2205) has occurred while \output is active []

LaTeX Info: Redefining \. on input line 858.
LaTeX Info: Redefining \% on input line 858.
[10]

Package xcolor Warning: Incompatible color definition on input line 862.


Package xcolor Warning: Incompatible color definition on input line 862.


Package xcolor Warning: Incompatible color definition on input line 872.


Package xcolor Warning: Incompatible color definition on input line 877.


Package xcolor Warning: Incompatible color definition on input line 877.


Package xcolor Warning: Incompatible color definition on input line 883.


Package xcolor Warning: Incompatible color definition on input line 888.


Package xcolor Warning: Incompatible color definition on input line 888.

LaTeX Info: Redefining \. on input line 951.
LaTeX Info: Redefining \% on input line 951.
[11]
LaTeX Info: Redefining \. on input line 1048.
LaTeX Info: Redefining \% on input line 1048.
[12]
Unidad 2.
LaTeX Info: Redefining \. on input line 1109.
LaTeX Info: Redefining \% on input line 1109.
[13

]
Underfull \vbox (badness 1789) has occurred while \output is active []

LaTeX Info: Redefining \. on input line 1198.
LaTeX Info: Redefining \% on input line 1198.
[14]
File: Plots/U2/f1.png Graphic file (type bmp)
<Plots/U2/f1.png>
File: Plots/U2/rtdo1.jpg Graphic file (type bmp)
<Plots/U2/rtdo1.jpg>
LaTeX Info: Redefining \. on input line 1263.
LaTeX Info: Redefining \% on input line 1263.
[15]
File: Plots/U2/rtdo.jpg Graphic file (type bmp)
<Plots/U2/rtdo.jpg>
LaTeX Info: Redefining \. on input line 1358.
LaTeX Info: Redefining \% on input line 1358.
[16]
File: Plots/U2/rtdo.jpg Graphic file (type bmp)
<Plots/U2/rtdo.jpg>
File: Plots/U2/f3.png Graphic file (type bmp)
<Plots/U2/f3.png>

Underfull \vbox (badness 10000) has occurred while \output is active []

LaTeX Info: Redefining \. on input line 1391.
LaTeX Info: Redefining \% on input line 1391.
[17]
File: Plots/U2/convergencia.jpg Graphic file (type bmp)
<Plots/U2/convergencia.jpg>
File: Plots/U2/divergencia.jpg Graphic file (type bmp)
<Plots/U2/divergencia.jpg>

Underfull \vbox (badness 10000) has occurred while \output is active []

LaTeX Info: Redefining \. on input line 1402.
LaTeX Info: Redefining \% on input line 1402.
[18]
File: Plots/U2/nr1.png Graphic file (type bmp)
<Plots/U2/nr1.png>
File: Plots/U2/nr2.png Graphic file (type bmp)
<Plots/U2/nr2.png>

Underfull \vbox (badness 10000) has occurred while \output is active []

LaTeX Info: Redefining \. on input line 1434.
LaTeX Info: Redefining \% on input line 1434.
[19]
File: Plots/U2/nr3.png Graphic file (type bmp)
<Plots/U2/nr3.png>
File: Plots/U2/nr4.png Graphic file (type bmp)
<Plots/U2/nr4.png>

Underfull \vbox (badness 10000) has occurred while \output is active []

LaTeX Info: Redefining \. on input line 1452.
LaTeX Info: Redefining \% on input line 1452.
[20]
File: Plots/U2/nr.png Graphic file (type bmp)
<Plots/U2/nr.png>

Underfull \vbox (badness 4341) has occurred while \output is active []

LaTeX Info: Redefining \. on input line 1476.
LaTeX Info: Redefining \% on input line 1476.
[21]
LaTeX Info: Redefining \. on input line 1568.
LaTeX Info: Redefining \% on input line 1568.
[22]
File: Plots/U2/vonMises.png Graphic file (type bmp)
<Plots/U2/vonMises.png>
LaTeX Info: Redefining \. on input line 1611.
LaTeX Info: Redefining \% on input line 1611.
[23]
LaTeX Info: Redefining \. on input line 1620.
LaTeX Info: Redefining \% on input line 1620.
[24]
Unidad 3.
LaTeX Info: Redefining \. on input line 1727.
LaTeX Info: Redefining \% on input line 1727.
[25

]
LaTeX Info: Redefining \. on input line 1828.
LaTeX Info: Redefining \% on input line 1828.
[26]
LaTeX Info: Redefining \. on input line 1973.
LaTeX Info: Redefining \% on input line 1973.
[27]
LaTeX Info: Redefining \. on input line 2108.
LaTeX Info: Redefining \% on input line 2108.
[28]
LaTeX Info: Redefining \. on input line 2201.
LaTeX Info: Redefining \% on input line 2201.
[29]
LaTeX Info: Redefining \. on input line 2330.
LaTeX Info: Redefining \% on input line 2330.
[30]
LaTeX Info: Redefining \. on input line 2446.
LaTeX Info: Redefining \% on input line 2446.
[31]
Underfull \vbox (badness 1286) has occurred while \output is active []

LaTeX Info: Redefining \. on input line 2568.
LaTeX Info: Redefining \% on input line 2568.
[32]
LaTeX Info: Redefining \. on input line 2664.
LaTeX Info: Redefining \% on input line 2664.
[33]
LaTeX Info: Redefining \. on input line 2739.
LaTeX Info: Redefining \% on input line 2739.
[34]
LaTeX Info: Redefining \. on input line 2824.
LaTeX Info: Redefining \% on input line 2824.
[35]
LaTeX Info: Redefining \. on input line 2902.
LaTeX Info: Redefining \% on input line 2902.
[36]
Unidad 4.
LaTeX Info: Redefining \. on input line 2973.
LaTeX Info: Redefining \% on input line 2973.
[37

]
File: Plots/U4/tabladif.png Graphic file (type bmp)
<Plots/U4/tabladif.png>
File: Plots/U4/Unidad4_g1.png Graphic file (type bmp)
<Plots/U4/Unidad4_g1.png>
LaTeX Info: Redefining \. on input line 3029.
LaTeX Info: Redefining \% on input line 3029.
[38]
File: Plots/U4/Unidad4_g1.png Graphic file (type bmp)
<Plots/U4/Unidad4_g1.png>

Underfull \vbox (badness 10000) has occurred while \output is active []

LaTeX Info: Redefining \. on input line 3093.
LaTeX Info: Redefining \% on input line 3093.
[39]
File: Plots/U4/Unidad4_g2.png Graphic file (type bmp)
<Plots/U4/Unidad4_g2.png>

Underfull \vbox (badness 10000) has occurred while \output is active []

LaTeX Info: Redefining \. on input line 3149.
LaTeX Info: Redefining \% on input line 3149.
[40]
File: Plots/U4/Unidad4_g3.png Graphic file (type bmp)
<Plots/U4/Unidad4_g3.png>
LaTeX Info: Redefining \. on input line 3211.
LaTeX Info: Redefining \% on input line 3211.
[41]
File: Plots/U4/Unidad4_g4.png Graphic file (type bmp)
<Plots/U4/Unidad4_g4.png>

Underfull \vbox (badness 10000) has occurred while \output is active []

LaTeX Info: Redefining \. on input line 3266.
LaTeX Info: Redefining \% on input line 3266.
[42]
LaTeX Info: Redefining \. on input line 3359.
LaTeX Info: Redefining \% on input line 3359.
[43]
LaTeX Info: Redefining \. on input line 3469.
LaTeX Info: Redefining \% on input line 3469.
[44]
File: Plots/U4/lagrej1.png Graphic file (type bmp)
<Plots/U4/lagrej1.png>

Underfull \vbox (badness 10000) has occurred while \output is active []

LaTeX Info: Redefining \. on input line 3525.
LaTeX Info: Redefining \% on input line 3525.
[45]
Underfull \vbox (badness 10000) has occurred while \output is active []

LaTeX Info: Redefining \. on input line 3541.
LaTeX Info: Redefining \% on input line 3541.
[46]
File: Plots/U4/lagrej2.png Graphic file (type bmp)
<Plots/U4/lagrej2.png>

Underfull \vbox (badness 10000) has occurred while \output is active []

LaTeX Info: Redefining \. on input line 3549.
LaTeX Info: Redefining \% on input line 3549.
[47]
File: Plots/U4/lagrange2.png Graphic file (type bmp)
<Plots/U4/lagrange2.png>
File: Plots/U4/lagrange.png Graphic file (type bmp)
<Plots/U4/lagrange.png>

Underfull \vbox (badness 10000) has occurred while \output is active []

LaTeX Info: Redefining \. on input line 3559.
LaTeX Info: Redefining \% on input line 3559.
[48]
Underfull \vbox (badness 10000) has occurred while \output is active []

LaTeX Info: Redefining \. on input line 3604.
LaTeX Info: Redefining \% on input line 3604.
[49]
File: Plots/U4/lagr_ecuacion1.png Graphic file (type bmp)
<Plots/U4/lagr_ecuacion1.png>
LaTeX Info: Redefining \. on input line 3648.
LaTeX Info: Redefining \% on input line 3648.
[50]
LaTeX Info: Redefining \. on input line 3676.
LaTeX Info: Redefining \% on input line 3676.
[51]
Unidad 5.
LaTeX Info: Redefining \. on input line 3765.
LaTeX Info: Redefining \% on input line 3765.
[52

]
File: Plots/U4/Unidad4_2_g.png Graphic file (type bmp)
<Plots/U4/Unidad4_2_g.png>
File: Plots/U4/Unidad4_2_g2.png Graphic file (type bmp)
<Plots/U4/Unidad4_2_g2.png>
LaTeX Info: Redefining \. on input line 3803.
LaTeX Info: Redefining \% on input line 3803.
[53]
File: Plots/U4/Unidad4_2_g3.png Graphic file (type bmp)
<Plots/U4/Unidad4_2_g3.png>
File: Plots/U4/Unidad4_2_g4.png Graphic file (type bmp)
<Plots/U4/Unidad4_2_g4.png>
LaTeX Info: Redefining \. on input line 3857.
LaTeX Info: Redefining \% on input line 3857.
[54]
File: Plots/U4/Unidad4_2_g5.png Graphic file (type bmp)
<Plots/U4/Unidad4_2_g5.png>
LaTeX Info: Redefining \. on input line 3909.
LaTeX Info: Redefining \% on input line 3909.
[55]
File: Plots/U4/Unidad4_2_g6.png Graphic file (type bmp)
<Plots/U4/Unidad4_2_g6.png>
File: Plots/U4/Unidad4_2_g7.png Graphic file (type bmp)
<Plots/U4/Unidad4_2_g7.png>
LaTeX Info: Redefining \. on input line 3963.
LaTeX Info: Redefining \% on input line 3963.
[56]
File: Plots/U4/Unidad4_2_g8.png Graphic file (type bmp)
<Plots/U4/Unidad4_2_g8.png>
File: Plots/U4/Unidad4_2_g9.png Graphic file (type bmp)
<Plots/U4/Unidad4_2_g9.png>

Underfull \vbox (badness 2538) has occurred while \output is active []

LaTeX Info: Redefining \. on input line 4019.
LaTeX Info: Redefining \% on input line 4019.
[57]
Missing character: There is no  in font lmmi7!
Missing character: There is no  in font lmmi7!
Missing character: There is no  in font lmmi7!
Missing character: There is no  in font lmmi7!
Missing character: There is no  in font lmmi7!
Missing character: There is no  in font lmmi7!
File: Plots/U4/Unidad4_2_g10.png Graphic file (type bmp)
<Plots/U4/Unidad4_2_g10.png>
LaTeX Info: Redefining \. on input line 4078.
LaTeX Info: Redefining \% on input line 4078.
[58]
LaTeX Font Info:    Font shape `TU/latinmodern-math.otf(1)/m/n' will be
(Font)              scaled to size 9.0pt on input line 4129.
LaTeX Font Info:    Font shape `TU/latinmodern-math.otf(2)/m/n' will be
(Font)              scaled to size 9.00096pt on input line 4129.
LaTeX Font Info:    Font shape `TU/latinmodern-math.otf(3)/m/n' will be
(Font)              scaled to size 8.99904pt on input line 4129.
LaTeX Info: Redefining \. on input line 4144.
LaTeX Info: Redefining \% on input line 4144.
[59]
Unidad 6.

Underfull \hbox (badness 1033) in paragraph at lines 4154--4155
[]\TU/lmr/m/n/10 El objetivo de esta unidad es ver mtodos para su clculo, per
o antes vamos a repasar qu son
 []

File: Plots/U5/auto1.png Graphic file (type bmp)
<Plots/U5/auto1.png>

Underfull \vbox (badness 10000) has occurred while \output is active []

LaTeX Info: Redefining \. on input line 4192.
LaTeX Info: Redefining \% on input line 4192.
[60

]
File: Plots/U5/auto2.png Graphic file (type bmp)
<Plots/U5/auto2.png>

Underfull \vbox (badness 10000) has occurred while \output is active []

LaTeX Info: Redefining \. on input line 4200.
LaTeX Info: Redefining \% on input line 4200.
[61]
LaTeX Info: Redefining \. on input line 4259.
LaTeX Info: Redefining \% on input line 4259.
[62]
LaTeX Info: Redefining \. on input line 4377.
LaTeX Info: Redefining \% on input line 4377.
[63]

LaTeX Font Warning: Command \small invalid in math mode on input line 4489.


LaTeX Font Warning: Command \small invalid in math mode on input line 4489.


Underfull \vbox (badness 10000) has occurred while \output is active []

LaTeX Info: Redefining \. on input line 4489.
LaTeX Info: Redefining \% on input line 4489.
[64]
Underfull \vbox (badness 10000) has occurred while \output is active []

LaTeX Info: Redefining \. on input line 4558.
LaTeX Info: Redefining \% on input line 4558.
[65]
LaTeX Info: Redefining \. on input line 4613.
LaTeX Info: Redefining \% on input line 4613.
[66]
LaTeX Info: Redefining \. on input line 4715.
LaTeX Info: Redefining \% on input line 4715.
[67]
LaTeX Info: Redefining \. on input line 4792.
LaTeX Info: Redefining \% on input line 4792.
[68]
Overfull \hbox (2.75427pt too wide) in paragraph at lines 4862--4863
[]\TU/lmr/m/n/10 6.1034|  
 []


Overfull \hbox (2.75427pt too wide) in paragraph at lines 4875--4876
[]\TU/lmr/m/n/10 6.2203|  
 []


Overfull \hbox (2.75427pt too wide) in paragraph at lines 4901--4902
[]\TU/lmr/m/n/10 6.2899|  
 []

LaTeX Info: Redefining \. on input line 4974.
LaTeX Info: Redefining \% on input line 4974.
[69]
LaTeX Info: Redefining \. on input line 5047.
LaTeX Info: Redefining \% on input line 5047.
[70

]
LaTeX Info: Redefining \. on input line 5109.
LaTeX Info: Redefining \% on input line 5109.
[71]
LaTeX Info: Redefining \. on input line 5145.
LaTeX Info: Redefining \% on input line 5145.
[72]
Package atveryend Info: Empty hook `BeforeClearDocument' on input line 5173.
LaTeX Info: Redefining \. on input line 5173.
LaTeX Info: Redefining \% on input line 5173.
[73]
Package atveryend Info: Empty hook `AfterLastShipout' on input line 5173.
(./guia-met-num.aux
LaTeX Info: Redefining \. on input line 24.
LaTeX Info: Redefining \% on input line 24.
)
Package atveryend Info: Empty hook `AtVeryEndDocument' on input line 5173.
Package atveryend Info: Executing hook `AtEndAfterFileList' on input line 5173.

Package rerunfilecheck Info: File `guia-met-num.out' has not changed.
(rerunfilecheck)             Checksum: DEEB12FFA01837A8DD9E42A64DC99B21.
 ) 
Here is how much of TeX's memory you used:
 29370 strings out of 494880
 526562 string characters out of 6176317
 780372 words of memory out of 5000000
 32955 multiletter control sequences out of 15000+600000
 539765 words of font info for 92 fonts, out of 8000000 for 9000
 14 hyphenation exceptions out of 8191
 50i,21n,115p,820b,637s stack positions out of 5000i,500n,10000p,200000b,80000s

Output written on guia-met-num.pdf (73 pages).
